Detecting compiler hash for triplet x64-windows...
The following packages will be built and installed:
  * brotli[core]:x64-windows -> 1.0.9#4
  * bzip2[core,tool]:x64-windows -> 1.0.8#3
    curl[core,non-http,schannel,ssl,sspi]:x64-windows -> 7.87.0
    freetype[brotli,bzip2,core,png,zlib]:x64-windows -> 2.12.1#3
    libarchive[bzip2,core,libxml2,lz4,lzma,lzo]:x64-windows -> 3.6.2
    libiconv[core]:x64-windows -> 1.17
    libjpeg-turbo[core]:x64-windows -> 2.1.4
  * liblzma[core]:x64-windows -> 5.4.1
  * libogg[core]:x64-windows -> 1.3.5#1
  * libpng[core]:x64-windows -> 1.6.39
    libvorbis[core]:x64-windows -> 1.3.7#2
  * libxml2[core]:x64-windows -> 2.10.3
  * lz4[core]:x64-windows -> 1.9.4#1
  * lzo[core]:x64-windows -> 2.10#7
    sdl2[base,core]:x64-windows -> 2.26.2
Additional packages (*) will be modified to complete this operation.
Restored 0 package(s) from C:\Users\Admin\AppData\Local\vcpkg\archives in 1.254 ms. Use --debug to see more details.
Installing 1/15 curl:x64-windows...
Building curl[core,non-http,schannel,ssl,sspi]:x64-windows...
-- Downloading https://github.com/curl/curl/archive/curl-7_87_0.tar.gz -> curl-curl-curl-7_87_0-3769726f.tar.gz...
-- Extracting source C:/Users/Admin/Data/vcpkg/downloads/curl-curl-curl-7_87_0-3769726f.tar.gz
-- Applying patch 0002_fix_uwp.patch
-- Applying patch 0005_remove_imp_suffix.patch
-- Applying patch 0012-fix-dependency-idn2.patch
-- Applying patch 0020-fix-pc-file.patch
-- Applying patch 0022-deduplicate-libs.patch
-- Applying patch mbedtls-ws2_32.patch
-- Applying patch export-components.patch
-- Using source at C:/Users/Admin/Data/vcpkg/buildtrees/curl/src/url-7_87_0-fe2580e2b4.clean
-- Found external ninja('1.10.2').
-- Configuring x64-windows
-- Building x64-windows-dbg
-- Building x64-windows-rel
-- Fixing pkgconfig file: C:/Users/Admin/Data/vcpkg/packages/curl_x64-windows/lib/pkgconfig/libcurl.pc
-- Using cached msys-mingw-w64-i686-pkg-config-0.29.2-3-any.pkg.tar.zst.
-- Using cached msys-mingw-w64-i686-libwinpthread-git-9.0.0.6373.5be8fcd83-1-any.pkg.tar.zst.
-- Using msys root at C:/Users/Admin/Data/vcpkg/downloads/tools/msys2/9a1ec3f33446b195
-- Fixing pkgconfig file: C:/Users/Admin/Data/vcpkg/packages/curl_x64-windows/debug/lib/pkgconfig/libcurl.pc
-- Installing: C:/Users/Admin/Data/vcpkg/packages/curl_x64-windows/share/curl/vcpkg-cmake-wrapper.cmake
-- Installing: C:/Users/Admin/Data/vcpkg/packages/curl_x64-windows/share/curl/copyright
-- Performing post-build validation
-- Performing post-build validation done
Stored binary cache: "C:\Users\Admin\AppData\Local\vcpkg\archives\d0\d09fbf9788ef22f963a0a3ed38aabdc22f4f25d512298bfa4b947d354d866eea.zip"
Elapsed time to handle curl:x64-windows: 1.639 min
Installing 2/15 libpng:x64-windows...
Building libpng[core]:x64-windows...
-- Downloading https://github.com/glennrp/libpng/archive/v1.6.39.tar.gz -> glennrp-libpng-v1.6.39.tar.gz...
-- Extracting source C:/Users/Admin/Data/vcpkg/downloads/glennrp-libpng-v1.6.39.tar.gz
-- Applying patch cmake.patch
-- Applying patch fix-export-targets.patch
-- Applying patch pkgconfig.patch
-- Applying patch fix-msa-support-for-mips.patch
-- Using source at C:/Users/Admin/Data/vcpkg/buildtrees/libpng/src/v1.6.39-a77eb96d39.clean
-- Found external ninja('1.10.2').
-- Configuring x64-windows
-- Building x64-windows-dbg
-- Building x64-windows-rel
-- Installing: C:/Users/Admin/Data/vcpkg/packages/libpng_x64-windows/share/png/vcpkg-cmake-wrapper.cmake
-- Fixing pkgconfig file: C:/Users/Admin/Data/vcpkg/packages/libpng_x64-windows/lib/pkgconfig/libpng16.pc
-- Using cached msys-mingw-w64-i686-pkg-config-0.29.2-3-any.pkg.tar.zst.
-- Using cached msys-mingw-w64-i686-libwinpthread-git-9.0.0.6373.5be8fcd83-1-any.pkg.tar.zst.
-- Using msys root at C:/Users/Admin/Data/vcpkg/downloads/tools/msys2/9a1ec3f33446b195
-- Fixing pkgconfig file: C:/Users/Admin/Data/vcpkg/packages/libpng_x64-windows/debug/lib/pkgconfig/libpng16.pc
-- Installing: C:/Users/Admin/Data/vcpkg/packages/libpng_x64-windows/debug/lib/pkgconfig/libpng.pc
-- Installing: C:/Users/Admin/Data/vcpkg/packages/libpng_x64-windows/lib/pkgconfig/libpng.pc
-- Installing: C:/Users/Admin/Data/vcpkg/packages/libpng_x64-windows/share/libpng/usage
-- Installing: C:/Users/Admin/Data/vcpkg/packages/libpng_x64-windows/share/libpng/copyright
-- Performing post-build validation
-- Performing post-build validation done
Stored binary cache: "C:\Users\Admin\AppData\Local\vcpkg\archives\99\99a0e4ded2aec66b92af1c94440c8391b9cb505301ba5d09fc6709ec5149da8a.zip"
Elapsed time to handle libpng:x64-windows: 12.84 s
Installing 3/15 bzip2:x64-windows...
Building bzip2[core,tool]:x64-windows...
-- Using cached bzip2-1.0.8.tar.gz.
-- Extracting source C:/Users/Admin/Data/vcpkg/downloads/bzip2-1.0.8.tar.gz
-- Applying patch fix-import-export-macros.patch
-- Using source at C:/Users/Admin/Data/vcpkg/buildtrees/bzip2/src/bzip2-1-336d4794a3.clean
-- Found external ninja('1.10.2').
-- Configuring x64-windows
-- Building x64-windows-dbg
-- Building x64-windows-rel
-- Fixing pkgconfig file: C:/Users/Admin/Data/vcpkg/packages/bzip2_x64-windows/lib/pkgconfig/bzip2.pc
-- Using cached msys-mingw-w64-i686-pkg-config-0.29.2-3-any.pkg.tar.zst.
-- Using cached msys-mingw-w64-i686-libwinpthread-git-9.0.0.6373.5be8fcd83-1-any.pkg.tar.zst.
-- Using msys root at C:/Users/Admin/Data/vcpkg/downloads/tools/msys2/9a1ec3f33446b195
-- Fixing pkgconfig file: C:/Users/Admin/Data/vcpkg/packages/bzip2_x64-windows/debug/lib/pkgconfig/bzip2.pc
-- Installing: C:/Users/Admin/Data/vcpkg/packages/bzip2_x64-windows/share/bzip2/copyright
-- Performing post-build validation
-- Performing post-build validation done
Stored binary cache: "C:\Users\Admin\AppData\Local\vcpkg\archives\a0\a0acf61910f729d1efb8f43070761b48dd17c1453006ee44d1a30e269828ce80.zip"
Elapsed time to handle bzip2:x64-windows: 9.54 s
Installing 4/15 brotli:x64-windows...
Building brotli[core]:x64-windows...
-- Using cached google-brotli-e61745a6b7add50d380cfd7d3883dd6c62fc2c71.tar.gz.
-- Extracting source C:/Users/Admin/Data/vcpkg/downloads/google-brotli-e61745a6b7add50d380cfd7d3883dd6c62fc2c71.tar.gz
-- Applying patch install.patch
-- Applying patch fix-arm-uwp.patch
-- Applying patch pkgconfig.patch
-- Using source at C:/Users/Admin/Data/vcpkg/buildtrees/brotli/src/6c62fc2c71-3fc02d8e7f.clean
-- Found external ninja('1.10.2').
-- Configuring x64-windows
-- Building x64-windows-dbg
-- Building x64-windows-rel
-- Fixing pkgconfig file: C:/Users/Admin/Data/vcpkg/packages/brotli_x64-windows/lib/pkgconfig/libbrotlicommon.pc
-- Fixing pkgconfig file: C:/Users/Admin/Data/vcpkg/packages/brotli_x64-windows/lib/pkgconfig/libbrotlidec.pc
-- Fixing pkgconfig file: C:/Users/Admin/Data/vcpkg/packages/brotli_x64-windows/lib/pkgconfig/libbrotlienc.pc
-- Using cached msys-mingw-w64-i686-pkg-config-0.29.2-3-any.pkg.tar.zst.
-- Using cached msys-mingw-w64-i686-libwinpthread-git-9.0.0.6373.5be8fcd83-1-any.pkg.tar.zst.
-- Using msys root at C:/Users/Admin/Data/vcpkg/downloads/tools/msys2/9a1ec3f33446b195
-- Fixing pkgconfig file: C:/Users/Admin/Data/vcpkg/packages/brotli_x64-windows/debug/lib/pkgconfig/libbrotlicommon.pc
-- Fixing pkgconfig file: C:/Users/Admin/Data/vcpkg/packages/brotli_x64-windows/debug/lib/pkgconfig/libbrotlidec.pc
-- Fixing pkgconfig file: C:/Users/Admin/Data/vcpkg/packages/brotli_x64-windows/debug/lib/pkgconfig/libbrotlienc.pc
-- Installing: C:/Users/Admin/Data/vcpkg/packages/brotli_x64-windows/share/unofficial-brotli/unofficial-brotli-config.cmake
-- Installing: C:/Users/Admin/Data/vcpkg/packages/brotli_x64-windows/share/brotli/usage
-- Installing: C:/Users/Admin/Data/vcpkg/packages/brotli_x64-windows/share/brotli/copyright
-- Performing post-build validation
-- Performing post-build validation done
Stored binary cache: "C:\Users\Admin\AppData\Local\vcpkg\archives\cc\cc116472ee1b4e3df7fe36441fb0b18f331edab5b4a7983b3474764c6708249e.zip"
Elapsed time to handle brotli:x64-windows: 26.44 s
Installing 5/15 freetype:x64-windows...
Building freetype[brotli,bzip2,core,png,zlib]:x64-windows...
-- Using cached freetype-2.12.1.tar.xz.
-- Extracting source C:/Users/Admin/Data/vcpkg/downloads/freetype-2.12.1.tar.xz
-- Applying patch 0003-Fix-UWP.patch
-- Applying patch brotli-static.patch
-- Applying patch bzip2.patch
-- Applying patch fix-exports.patch
-- Applying patch error-strings.patch
-- Using source at C:/Users/Admin/Data/vcpkg/buildtrees/freetype/src/6482de1748-050bffbef4.clean
-- Found external ninja('1.10.2').
-- Configuring x64-windows
-- Building x64-windows-dbg
-- Building x64-windows-rel
-- Fixing pkgconfig file: C:/Users/Admin/Data/vcpkg/packages/freetype_x64-windows/lib/pkgconfig/freetype2.pc
-- Using cached msys-mingw-w64-i686-pkg-config-0.29.2-3-any.pkg.tar.zst.
-- Using cached msys-mingw-w64-i686-libwinpthread-git-9.0.0.6373.5be8fcd83-1-any.pkg.tar.zst.
-- Using msys root at C:/Users/Admin/Data/vcpkg/downloads/tools/msys2/9a1ec3f33446b195
-- Fixing pkgconfig file: C:/Users/Admin/Data/vcpkg/packages/freetype_x64-windows/debug/lib/pkgconfig/freetype2.pc
-- Installing: C:/Users/Admin/Data/vcpkg/packages/freetype_x64-windows/share/freetype/usage
-- Performing post-build validation
-- Performing post-build validation done
Stored binary cache: "C:\Users\Admin\AppData\Local\vcpkg\archives\27\27513e7d57d5994fb587b7836909731ff8a001cd3fcf05b302721f24dbea1b71.zip"
Elapsed time to handle freetype:x64-windows: 25.06 s
Installing 6/15 lzo:x64-windows...
Building lzo[core]:x64-windows...
-- Using cached lzo-2.10.tar.gz.
-- Extracting source C:/Users/Admin/Data/vcpkg/downloads/lzo-2.10.tar.gz
-- Applying patch always_install_pc.patch
-- Using source at C:/Users/Admin/Data/vcpkg/buildtrees/lzo/src/lzo-2-36820c2ee4.clean
-- Found external ninja('1.10.2').
-- Configuring x64-windows
-- Building x64-windows-dbg
-- Building x64-windows-rel
-- Fixing pkgconfig file: C:/Users/Admin/Data/vcpkg/packages/lzo_x64-windows/lib/pkgconfig/lzo2.pc
-- Using cached msys-mingw-w64-i686-pkg-config-0.29.2-3-any.pkg.tar.zst.
-- Using cached msys-mingw-w64-i686-libwinpthread-git-9.0.0.6373.5be8fcd83-1-any.pkg.tar.zst.
-- Using msys root at C:/Users/Admin/Data/vcpkg/downloads/tools/msys2/9a1ec3f33446b195
-- Fixing pkgconfig file: C:/Users/Admin/Data/vcpkg/packages/lzo_x64-windows/debug/lib/pkgconfig/lzo2.pc
-- Installing: C:/Users/Admin/Data/vcpkg/packages/lzo_x64-windows/share/lzo/copyright
-- Performing post-build validation
-- Performing post-build validation done
Stored binary cache: "C:\Users\Admin\AppData\Local\vcpkg\archives\ad\ad11c57aa321612161a38b9b3c3d321cfe5eaf4329437645d29be40accb93812.zip"
Elapsed time to handle lzo:x64-windows: 1.507 min
Installing 7/15 liblzma:x64-windows...
Building liblzma[core]:x64-windows...
-- Using cached xz-5.4.1.tar.xz.
-- Extracting source C:/Users/Admin/Data/vcpkg/downloads/xz-5.4.1.tar.xz
-- Applying patch fix_config_include.patch
-- Applying patch win_output_name.patch
-- Applying patch add_support_ios.patch
-- Applying patch build-tools.patch
-- Using source at C:/Users/Admin/Data/vcpkg/buildtrees/liblzma/src/f890ee5207-326fe62969.clean
-- Found external ninja('1.10.2').
-- Configuring x64-windows
-- Building x64-windows-dbg
-- Building x64-windows-rel
-- Fixing pkgconfig file: C:/Users/Admin/Data/vcpkg/packages/liblzma_x64-windows/lib/pkgconfig/liblzma.pc
-- Using cached msys-mingw-w64-i686-pkg-config-0.29.2-3-any.pkg.tar.zst.
-- Using cached msys-mingw-w64-i686-libwinpthread-git-9.0.0.6373.5be8fcd83-1-any.pkg.tar.zst.
-- Using msys root at C:/Users/Admin/Data/vcpkg/downloads/tools/msys2/9a1ec3f33446b195
-- Fixing pkgconfig file: C:/Users/Admin/Data/vcpkg/packages/liblzma_x64-windows/debug/lib/pkgconfig/liblzma.pc
-- Installing: C:/Users/Admin/Data/vcpkg/packages/liblzma_x64-windows/share/liblzma/copyright
-- Performing post-build validation
-- Performing post-build validation done
Stored binary cache: "C:\Users\Admin\AppData\Local\vcpkg\archives\e3\e3c8a876c9a496fbb2ec2ab584db442390f9482e4473fe44b1c78616c6a345a3.zip"
Elapsed time to handle liblzma:x64-windows: 25.62 s
Installing 8/15 lz4:x64-windows...
Building lz4[core]:x64-windows...
-- Downloading https://github.com/lz4/lz4/archive/v1.9.4.tar.gz -> lz4-lz4-v1.9.4.tar.gz...
-- Extracting source C:/Users/Admin/Data/vcpkg/downloads/lz4-lz4-v1.9.4.tar.gz
-- Using source at C:/Users/Admin/Data/vcpkg/buildtrees/lz4/src/v1.9.4-9f4a1a30bd.clean
-- Found external ninja('1.10.2').
-- Configuring x64-windows
-- Building x64-windows-dbg
-- Building x64-windows-rel
-- Fixing pkgconfig file: C:/Users/Admin/Data/vcpkg/packages/lz4_x64-windows/lib/pkgconfig/liblz4.pc
-- Using cached msys-mingw-w64-i686-pkg-config-0.29.2-3-any.pkg.tar.zst.
-- Using cached msys-mingw-w64-i686-libwinpthread-git-9.0.0.6373.5be8fcd83-1-any.pkg.tar.zst.
-- Using msys root at C:/Users/Admin/Data/vcpkg/downloads/tools/msys2/9a1ec3f33446b195
-- Fixing pkgconfig file: C:/Users/Admin/Data/vcpkg/packages/lz4_x64-windows/debug/lib/pkgconfig/liblz4.pc
-- Installing: C:/Users/Admin/Data/vcpkg/packages/lz4_x64-windows/share/lz4/copyright
-- Performing post-build validation
-- Performing post-build validation done
Stored binary cache: "C:\Users\Admin\AppData\Local\vcpkg\archives\8e\8eed983f7c7581ca50d5ebf16a7c8979f004eadbf486cce057a34f8d988694da.zip"
Elapsed time to handle lz4:x64-windows: 13.87 s
Installing 9/15 libiconv:x64-windows...
Building libiconv[core]:x64-windows...
-- Using cached libiconv-1.17.tar.gz.
-- Extracting source C:/Users/Admin/Data/vcpkg/downloads/libiconv-1.17.tar.gz
-- Applying patch 0002-Config-for-MSVC.patch
-- Applying patch 0003-Add-export.patch
-- Applying patch 0004-ModuleFileName.patch
-- Using source at C:/Users/Admin/Data/vcpkg/buildtrees/libiconv/src/1.17-e2a53830aa.clean
-- Found external ninja('1.10.2').
-- Getting CMake variables for x64-windows
-- Using cached msys-gzip-1.11-1-x86_64.pkg.tar.zst.
-- Using cached msys-bash-5.1.008-1-x86_64.pkg.tar.zst.
-- Using cached msys-autoconf-2.71-3-any.pkg.tar.zst.
-- Using cached msys-diffutils-3.8-2-x86_64.pkg.tar.zst.
-- Using cached msys-binutils-2.37-5-x86_64.pkg.tar.zst.
-- Using cached msys-libtool-2.4.7-3-x86_64.pkg.tar.zst.
-- Using cached msys-file-5.41-2-x86_64.pkg.tar.zst.
-- Using cached msys-zlib-1.2.11-1-x86_64.pkg.tar.xz.
-- Using cached msys-libbz2-1.0.8-3-x86_64.pkg.tar.zst.
-- Using cached msys-coreutils-8.32-2-x86_64.pkg.tar.zst.
-- Using cached msys-grep-3.0-2-x86_64.pkg.tar.xz.
-- Using cached msys-sed-4.8-2-x86_64.pkg.tar.zst.
-- Using cached msys-libpcre-8.45-1-x86_64.pkg.tar.zst.
-- Using cached msys-m4-1.4.19-2-x86_64.pkg.tar.zst.
-- Using cached msys-automake-wrapper-11-4-any.pkg.tar.zst.
-- Using cached msys-gawk-5.1.0-2-x86_64.pkg.tar.zst.
-- Using cached msys-mpfr-4.1.0-1-x86_64.pkg.tar.zst.
-- Using cached msys-gmp-6.2.1-1-x86_64.pkg.tar.zst.
-- Using cached msys-libreadline-8.1.001-1-x86_64.pkg.tar.zst.
-- Using cached msys-ncurses-6.2-2-x86_64.pkg.tar.zst.
-- Using cached msys-automake1.16-1.16.3-3-any.pkg.tar.zst.
-- Using cached msys-perl-5.32.1-2-x86_64.pkg.tar.zst.
-- Using cached msys-libcrypt-2.1-3-x86_64.pkg.tar.zst.
-- Using cached msys-pkg-config-0.29.2-4-x86_64.pkg.tar.zst.
-- Using cached msys-make-4.3-3-x86_64.pkg.tar.zst.
-- Using cached msys-findutils-4.8.0-1-x86_64.pkg.tar.zst.
-- Using cached msys-libintl-0.21-1-x86_64.pkg.tar.zst.
-- Using cached msys-libiconv-1.16-2-x86_64.pkg.tar.zst.
-- Using cached msys-gcc-libs-11.2.0-3-x86_64.pkg.tar.zst.
-- Using cached msys-msys2-runtime-3.2.0-8-x86_64.pkg.tar.zst.
-- Using cached msys-which-2.21-4-x86_64.pkg.tar.zst.
-- Using msys root at C:/Users/Admin/Data/vcpkg/downloads/tools/msys2/ca907ea16f6f2ba5
-- Using cached msys-mingw-w64-i686-pkg-config-0.29.2-3-any.pkg.tar.zst.
-- Using cached msys-mingw-w64-i686-libwinpthread-git-9.0.0.6373.5be8fcd83-1-any.pkg.tar.zst.
-- Using msys root at C:/Users/Admin/Data/vcpkg/downloads/tools/msys2/9a1ec3f33446b195
-- Configuring x64-windows-dbg
-- Configuring x64-windows-rel
-- Building x64-windows-dbg
-- Installing x64-windows-dbg
-- Building x64-windows-rel
-- Installing x64-windows-rel
-- Installing: C:/Users/Admin/Data/vcpkg/packages/libiconv_x64-windows/share/libiconv/usage
-- Performing post-build validation
-- Performing post-build validation done
Stored binary cache: "C:\Users\Admin\AppData\Local\vcpkg\archives\49\4917b16a7dd09be75ab7df4de645da263751aba774d34fb1a3330a93dfab7976.zip"
Elapsed time to handle libiconv:x64-windows: 10.17 min
Installing 10/15 libxml2:x64-windows...
Building libxml2[core]:x64-windows...
-- Using cached GNOME-libxml2-f507d167f1755b7eaea09fb1a44d29aab828b6d1.tar.gz.
-- Extracting source C:/Users/Admin/Data/vcpkg/downloads/GNOME-libxml2-f507d167f1755b7eaea09fb1a44d29aab828b6d1.tar.gz
-- Applying patch disable-docs.patch
-- Applying patch fix_cmakelist.patch
-- Using source at C:/Users/Admin/Data/vcpkg/buildtrees/libxml2/src/aab828b6d1-a79ad07e76.clean
-- Found external ninja('1.10.2').
-- Configuring x64-windows
-- Building x64-windows-dbg
-- Building x64-windows-rel
-- Fixing pkgconfig file: C:/Users/Admin/Data/vcpkg/packages/libxml2_x64-windows/lib/pkgconfig/libxml-2.0.pc
-- Using cached msys-mingw-w64-i686-pkg-config-0.29.2-3-any.pkg.tar.zst.
-- Using cached msys-mingw-w64-i686-libwinpthread-git-9.0.0.6373.5be8fcd83-1-any.pkg.tar.zst.
-- Using msys root at C:/Users/Admin/Data/vcpkg/downloads/tools/msys2/9a1ec3f33446b195
-- Fixing pkgconfig file: C:/Users/Admin/Data/vcpkg/packages/libxml2_x64-windows/debug/lib/pkgconfig/libxml-2.0.pc
-- Installing: C:/Users/Admin/Data/vcpkg/packages/libxml2_x64-windows/share/libxml2/copyright
-- Performing post-build validation
-- Performing post-build validation done
Stored binary cache: "C:\Users\Admin\AppData\Local\vcpkg\archives\b6\b606399087987b75b22d24fd7998224a3706fc1e93daf9a2aac65e9618d7c1bd.zip"
Elapsed time to handle libxml2:x64-windows: 23.89 s
Installing 11/15 libarchive:x64-windows...
Building libarchive[bzip2,core,libxml2,lz4,lzma,lzo]:x64-windows...
-- Downloading https://github.com/libarchive/libarchive/archive/v3.6.2.tar.gz -> libarchive-libarchive-v3.6.2.tar.gz...
-- Extracting source C:/Users/Admin/Data/vcpkg/downloads/libarchive-libarchive-v3.6.2.tar.gz
-- Applying patch disable-warnings.patch
-- Applying patch fix-buildsystem.patch
-- Applying patch fix-cpu-set.patch
-- Applying patch fix-deps.patch
-- Using source at C:/Users/Admin/Data/vcpkg/buildtrees/libarchive/src/v3.6.2-51f8ad79b7.clean
-- Found external ninja('1.10.2').
-- Configuring x64-windows
-- Building x64-windows-dbg
-- Building x64-windows-rel
-- Fixing pkgconfig file: C:/Users/Admin/Data/vcpkg/packages/libarchive_x64-windows/lib/pkgconfig/libarchive.pc
-- Using cached msys-mingw-w64-i686-pkg-config-0.29.2-3-any.pkg.tar.zst.
-- Using cached msys-mingw-w64-i686-libwinpthread-git-9.0.0.6373.5be8fcd83-1-any.pkg.tar.zst.
-- Using msys root at C:/Users/Admin/Data/vcpkg/downloads/tools/msys2/9a1ec3f33446b195
-- Fixing pkgconfig file: C:/Users/Admin/Data/vcpkg/packages/libarchive_x64-windows/debug/lib/pkgconfig/libarchive.pc
-- Installing: C:/Users/Admin/Data/vcpkg/packages/libarchive_x64-windows/share/libarchive/usage
-- Installing: C:/Users/Admin/Data/vcpkg/packages/libarchive_x64-windows/share/libarchive/copyright
-- Performing post-build validation
-- Performing post-build validation done
Stored binary cache: "C:\Users\Admin\AppData\Local\vcpkg\archives\75\75d9e10dcaaad38af30f35d4c9a6d0ce7b8046a80d2bb915aad9561519c8cb51.zip"
Elapsed time to handle libarchive:x64-windows: 3.752 min
Installing 12/15 libjpeg-turbo:x64-windows...
Building libjpeg-turbo[core]:x64-windows...
-- Using cached libjpeg-turbo-libjpeg-turbo-2.1.4.tar.gz.
-- Extracting source C:/Users/Admin/Data/vcpkg/downloads/libjpeg-turbo-libjpeg-turbo-2.1.4.tar.gz
-- Applying patch add-options-for-exes-docs-headers.patch
-- Applying patch workaround_cmake_system_processor.patch
-- Using source at C:/Users/Admin/Data/vcpkg/buildtrees/libjpeg-turbo/src/2.1.4-30a6482500.clean
-- Found external ninja('1.10.2').
-- Configuring x64-windows
-- Building x64-windows-dbg
-- Building x64-windows-rel
-- Fixing pkgconfig file: C:/Users/Admin/Data/vcpkg/packages/libjpeg-turbo_x64-windows/lib/pkgconfig/libjpeg.pc
-- Fixing pkgconfig file: C:/Users/Admin/Data/vcpkg/packages/libjpeg-turbo_x64-windows/lib/pkgconfig/libturbojpeg.pc
-- Using cached msys-mingw-w64-i686-pkg-config-0.29.2-3-any.pkg.tar.zst.
-- Using cached msys-mingw-w64-i686-libwinpthread-git-9.0.0.6373.5be8fcd83-1-any.pkg.tar.zst.
-- Using msys root at C:/Users/Admin/Data/vcpkg/downloads/tools/msys2/9a1ec3f33446b195
-- Fixing pkgconfig file: C:/Users/Admin/Data/vcpkg/packages/libjpeg-turbo_x64-windows/debug/lib/pkgconfig/libjpeg.pc
-- Fixing pkgconfig file: C:/Users/Admin/Data/vcpkg/packages/libjpeg-turbo_x64-windows/debug/lib/pkgconfig/libturbojpeg.pc
-- Installing: C:/Users/Admin/Data/vcpkg/packages/libjpeg-turbo_x64-windows/share/libjpeg-turbo/copyright
-- Performing post-build validation
-- Performing post-build validation done
Stored binary cache: "C:\Users\Admin\AppData\Local\vcpkg\archives\f3\f3f6784b87644c66994ae5850c8d87df2d0ca01ef8806cdeba395127d4d17e86.zip"
Elapsed time to handle libjpeg-turbo:x64-windows: 48.92 s
Installing 13/15 libogg:x64-windows...
Building libogg[core]:x64-windows...
-- Using cached xiph-ogg-v1.3.5.tar.gz.
-- Extracting source C:/Users/Admin/Data/vcpkg/downloads/xiph-ogg-v1.3.5.tar.gz
-- Using source at C:/Users/Admin/Data/vcpkg/buildtrees/libogg/src/v1.3.5-1a4243fef9.clean
-- Found external ninja('1.10.2').
-- Configuring x64-windows
-- Building x64-windows-dbg
-- Building x64-windows-rel
-- Fixing pkgconfig file: C:/Users/Admin/Data/vcpkg/packages/libogg_x64-windows/lib/pkgconfig/ogg.pc
-- Using cached msys-mingw-w64-i686-pkg-config-0.29.2-3-any.pkg.tar.zst.
-- Using cached msys-mingw-w64-i686-libwinpthread-git-9.0.0.6373.5be8fcd83-1-any.pkg.tar.zst.
-- Using msys root at C:/Users/Admin/Data/vcpkg/downloads/tools/msys2/9a1ec3f33446b195
-- Fixing pkgconfig file: C:/Users/Admin/Data/vcpkg/packages/libogg_x64-windows/debug/lib/pkgconfig/ogg.pc
-- Installing: C:/Users/Admin/Data/vcpkg/packages/libogg_x64-windows/share/libogg/copyright
-- Performing post-build validation
-- Performing post-build validation done
Stored binary cache: "C:\Users\Admin\AppData\Local\vcpkg\archives\c8\c87a0f6f5297b966c4f28db384a295bae5192a8b0363b67f809fbc98b9420f4e.zip"
Elapsed time to handle libogg:x64-windows: 19.83 s
Installing 14/15 libvorbis:x64-windows...
Building libvorbis[core]:x64-windows...
-- Using cached xiph-vorbis-v1.3.7.tar.gz.
-- Extracting source C:/Users/Admin/Data/vcpkg/downloads/xiph-vorbis-v1.3.7.tar.gz
-- Applying patch 0001-Dont-export-vorbisenc-functions.patch
-- Applying patch 0002-Fixup-pkgconfig-libs.patch
-- Applying patch 0003-def-mingw-compat.patch
-- Using source at C:/Users/Admin/Data/vcpkg/buildtrees/libvorbis/src/v1.3.7-1480004d18.clean
-- Found external ninja('1.10.2').
-- Configuring x64-windows
-- Building x64-windows-dbg
-- Building x64-windows-rel
-- Fixing pkgconfig file: C:/Users/Admin/Data/vcpkg/packages/libvorbis_x64-windows/lib/pkgconfig/vorbis.pc
-- Fixing pkgconfig file: C:/Users/Admin/Data/vcpkg/packages/libvorbis_x64-windows/lib/pkgconfig/vorbisenc.pc
-- Fixing pkgconfig file: C:/Users/Admin/Data/vcpkg/packages/libvorbis_x64-windows/lib/pkgconfig/vorbisfile.pc
-- Using cached msys-mingw-w64-i686-pkg-config-0.29.2-3-any.pkg.tar.zst.
-- Using cached msys-mingw-w64-i686-libwinpthread-git-9.0.0.6373.5be8fcd83-1-any.pkg.tar.zst.
-- Using msys root at C:/Users/Admin/Data/vcpkg/downloads/tools/msys2/9a1ec3f33446b195
-- Fixing pkgconfig file: C:/Users/Admin/Data/vcpkg/packages/libvorbis_x64-windows/debug/lib/pkgconfig/vorbis.pc
-- Fixing pkgconfig file: C:/Users/Admin/Data/vcpkg/packages/libvorbis_x64-windows/debug/lib/pkgconfig/vorbisenc.pc
-- Fixing pkgconfig file: C:/Users/Admin/Data/vcpkg/packages/libvorbis_x64-windows/debug/lib/pkgconfig/vorbisfile.pc
-- Installing: C:/Users/Admin/Data/vcpkg/packages/libvorbis_x64-windows/share/libvorbis/usage
-- Installing: C:/Users/Admin/Data/vcpkg/packages/libvorbis_x64-windows/share/libvorbis/copyright
-- Performing post-build validation
-- Performing post-build validation done
Stored binary cache: "C:\Users\Admin\AppData\Local\vcpkg\archives\0c\0c3052a6b43e0eb384dbcf5e8bb91a4a7f78f3d80b2f7532e3bbd161f8cb095a.zip"
Elapsed time to handle libvorbis:x64-windows: 13.33 s
Installing 15/15 sdl2:x64-windows...
Building sdl2[base,core]:x64-windows...
-- Downloading https://github.com/libsdl-org/SDL/archive/release-2.26.2.tar.gz -> libsdl-org-SDL-release-2.26.2.tar.gz...
-- Extracting source C:/Users/Admin/Data/vcpkg/downloads/libsdl-org-SDL-release-2.26.2.tar.gz
-- Applying patch deps.patch
-- Using source at C:/Users/Admin/Data/vcpkg/buildtrees/sdl2/src/ase-2.26.2-2c409ba97a.clean
-- Found external ninja('1.10.2').
-- Configuring x64-windows
-- Building x64-windows-dbg
-- Building x64-windows-rel
-- Fixing pkgconfig file: C:/Users/Admin/Data/vcpkg/packages/sdl2_x64-windows/lib/pkgconfig/sdl2.pc
-- Using cached msys-mingw-w64-i686-pkg-config-0.29.2-3-any.pkg.tar.zst.
-- Using cached msys-mingw-w64-i686-libwinpthread-git-9.0.0.6373.5be8fcd83-1-any.pkg.tar.zst.
-- Using msys root at C:/Users/Admin/Data/vcpkg/downloads/tools/msys2/9a1ec3f33446b195
-- Fixing pkgconfig file: C:/Users/Admin/Data/vcpkg/packages/sdl2_x64-windows/debug/lib/pkgconfig/sdl2.pc
-- Installing: C:/Users/Admin/Data/vcpkg/packages/sdl2_x64-windows/share/sdl2/usage
-- Installing: C:/Users/Admin/Data/vcpkg/packages/sdl2_x64-windows/share/sdl2/copyright
-- Performing post-build validation
-- Performing post-build validation done
Stored binary cache: "C:\Users\Admin\AppData\Local\vcpkg\archives\57\576c05ff88b1de0e4269b057de1af5027d6c53364e2c1cffafcbf7a85eb780b3.zip"
Elapsed time to handle sdl2:x64-windows: 1.795 min
Total install time: 22.52 min
The package zlib is compatible with built-in CMake targets:

    find_package(ZLIB REQUIRED)
    target_link_libraries(main PRIVATE ZLIB::ZLIB)

curl provides CMake targets:

    # this is heuristically generated, and may not be correct
    find_package(CURL CONFIG REQUIRED)
    target_link_libraries(main PRIVATE CURL::libcurl)

freetype is compatible with built-in CMake targets:

    find_package(Freetype REQUIRED)
    target_link_libraries(main PRIVATE Freetype::Freetype) # since CMake 3.10

The package libiconv provides CMake targets:

    find_package(Iconv)
    target_link_libraries(main PRIVATE Iconv::Iconv)

The package libarchive is compatible with the CMake Find Module:

    find_package(LibArchive REQUIRED)
    target_include_directories(main PRIVATE ${LibArchive_INCLUDE_DIRS})
    target_link_libraries(main PRIVATE ${LibArchive_LIBRARIES})

    find_package(LibArchive REQUIRED)
    target_link_libraries(main PRIVATE LibArchive::LibArchive) # CMake >= 3.17

The package libjpeg-turbo is compatible with built-in CMake targets:

    find_package(JPEG REQUIRED)
    target_link_libraries(main PRIVATE ${JPEG_LIBRARIES})
    target_include_directories(main PRIVATE ${JPEG_INCLUDE_DIR})

The package libvorbis provides CMake targets:

    # Vorbis reference encoder and decoder, low-level API
    find_package(Vorbis CONFIG REQUIRED)
    target_link_libraries(main PRIVATE Vorbis::vorbis)

    # Audio stream decoding and basic manipulation, high-level API
    find_package(Vorbis CONFIG REQUIRED)
    target_link_libraries(main PRIVATE Vorbis::vorbisfile)

    # Convenience API for setting up an encoding environment
    find_package(Vorbis CONFIG REQUIRED)
    target_link_libraries(main PRIVATE Vorbis::vorbisenc)

sdl2 provides CMake targets:

    find_package(SDL2 CONFIG REQUIRED)
    target_link_libraries(main
        PRIVATE
        $<TARGET_NAME_IF_EXISTS:SDL2::SDL2main>
        $<IF:$<TARGET_EXISTS:SDL2::SDL2>,SDL2::SDL2,SDL2::SDL2-static>
    )

